ansible-playbook 2.8.5
  config file = None
  configured module search path = ['/home/ubuntu/.ansible/plugins/modules', '/usr/share/ansible/plugins/modules']
  ansible python module location = /usr/local/lib/python3.6/dist-packages/ansible
  executable location = /usr/local/bin/ansible-playbook
  python version = 3.6.8 (default, Oct  7 2019, 12:59:55) [GCC 8.3.0]
No config file found; using defaults
host_list declined parsing /home/ubuntu/wp-ops/ansible/inventory/wp-int/openshift-namespaces-blue as it did not pass it's verify_file() method
script declined parsing /home/ubuntu/wp-ops/ansible/inventory/wp-int/openshift-namespaces-blue as it did not pass it's verify_file() method
auto declined parsing /home/ubuntu/wp-ops/ansible/inventory/wp-int/openshift-namespaces-blue as it did not pass it's verify_file() method
[DEPRECATION WARNING]: The TRANSFORM_INVALID_GROUP_CHARS settings is set to allow bad characters in group names by default, this will change, but still be user configurable on deprecation. This feature will be removed in 
version 2.10. Deprecation warnings can be disabled by setting deprecation_warnings=False in ansible.cfg.
 [WARNING]: Invalid characters were found in group names but not replaced, use -vvvv to see details
Parsed /home/ubuntu/wp-ops/ansible/inventory/wp-int/openshift-namespaces-blue inventory source with ini plugin
host_list declined parsing /home/ubuntu/wp-ops/ansible/inventory/wp-int/tests_instances as it did not pass it's verify_file() method
script declined parsing /home/ubuntu/wp-ops/ansible/inventory/wp-int/tests_instances as it did not pass it's verify_file() method
auto declined parsing /home/ubuntu/wp-ops/ansible/inventory/wp-int/tests_instances as it did not pass it's verify_file() method
Parsed /home/ubuntu/wp-ops/ansible/inventory/wp-int/tests_instances inventory source with yaml plugin
host_list declined parsing /home/ubuntu/wp-ops/ansible/inventory/wp-int/wordpress-deployments as it did not pass it's verify_file() method
Parsed /home/ubuntu/wp-ops/ansible/inventory/wp-int/wordpress-deployments inventory source with script plugin
host_list declined parsing /home/ubuntu/wp-ops/ansible/inventory/wp-int/wordpress-instances as it did not pass it's verify_file() method
Parsed /home/ubuntu/wp-ops/ansible/inventory/wp-int/wordpress-instances inventory source with script plugin
statically imported: /home/ubuntu/wp-ops/ansible/roles/wordpress-openshift-namespace/tasks/disk-usage-report.yml
statically imported: /home/ubuntu/wp-ops/ansible/roles/wordpress-openshift-namespace/tasks/images.yml
statically imported: /home/ubuntu/wp-ops/ansible/roles/wordpress-openshift-namespace/tasks/mgmt.yml
statically imported: /home/ubuntu/wp-ops/ansible/roles/wordpress-deployment/tasks/wwp-int-httpd-deployment.yml
statically imported: /home/ubuntu/wp-ops/ansible/roles/wordpress-instance/tasks/facts.yml
statically imported: /home/ubuntu/wp-ops/ansible/roles/wordpress-instance/tasks/wipe.yml
statically imported: /home/ubuntu/wp-ops/ansible/roles/wordpress-instance/tasks/restore-from-prod.yml
statically imported: /home/ubuntu/wp-ops/ansible/roles/wordpress-instance/tasks/serving-infrastructure.yml
statically imported: /home/ubuntu/wp-ops/ansible/roles/wordpress-instance/tasks/dump.yml
statically imported: /home/ubuntu/wp-ops/ansible/roles/wordpress-instance/tasks/undump.yml
 [WARNING]: While constructing a mapping from /home/ubuntu/wp-ops/ansible/roles/awx-poc-vpsi/vars/main.yml, line 1, column 1, found a duplicate dict key (awx_wpveritas_inventory_script_name). Using last defined value only.
 [WARNING]: While constructing a mapping from /home/ubuntu/wp-ops/ansible/roles/awx-poc-vpsi/vars/main.yml, line 1, column 1, found a duplicate dict key (awx_wpveritas_inventory_script_path). Using last defined value only.

PLAYBOOK: wordpress-main.yml ***************************************************************************************************************************************************************************************************
5 plays in playbooks/wordpress-main.yml

PLAY [Initial checks] **********************************************************************************************************************************************************************************************************
META: ran handlers

TASK [Check Ansible version] ***************************************************************************************************************************************************************************************************
task path: /home/ubuntu/wp-ops/ansible/playbooks/wordpress-main.yml:7
ok: [_srv_www_www.epfl.ch_htdocs_about] => {
    "changed": false,
    "msg": "All assertions passed"
}
META: ran handlers
META: ran handlers

PLAY [OpenShift namespaces] ****************************************************************************************************************************************************************************************************
skipping: no hosts matched

PLAY [Wordpress deployments] ***************************************************************************************************************************************************************************************************
skipping: no hosts matched

PLAY [WordPress instances] *****************************************************************************************************************************************************************************************************
META: ran handlers

TASK [../roles/wordpress-instance : include_vars] ******************************************************************************************************************************************************************************
task path: /home/ubuntu/wp-ops/ansible/roles/wordpress-instance/tasks/main.yml:9
ok: [_srv_www_www.epfl.ch_htdocs_about] => {
    "ansible_facts": {
        "_effective_wp_destructive": "{{ _my_wp_destructive if _my_wp_destructive else ( _group_wp_destructive_0 if _group_wp_destructive_0 else ( _group_wp_destructive_1 if _group_wp_destructive_1 else ( _group_wp_destructive_2 if _group_wp_destructive_2 else ( _group_wp_destructive_3 if _group_wp_destructive_3 else ( _group_wp_destructive_4))))) }}",
        "_group_wp_destructive_0": "{{ wp_destructive[group_names[0]] if ((group_names | length > 0) and (group_names[0] in wp_destructive)) else None }}",
        "_group_wp_destructive_1": "{{ wp_destructive[group_names[1]] if ((group_names | length > 1) and (group_names[1] in wp_destructive)) else None }}",
        "_group_wp_destructive_2": "{{ wp_destructive[group_names[2]] if ((group_names | length > 2) and (group_names[2] in wp_destructive)) else None }}",
        "_group_wp_destructive_3": "{{ wp_destructive[group_names[3]] if ((group_names | length > 3) and (group_names[3] in wp_destructive)) else None }}",
        "_group_wp_destructive_4": "{{ wp_destructive[group_names[4]] if ((group_names | length > 4) and (group_names[4] in wp_destructive)) else None }}",
        "_my_wp_destructive": "{{ wp_destructive[inventory_hostname] if (inventory_hostname in wp_destructive) else None }}",
        "_wp_can_configure": "{{ _wp_can_wipe or (\"config\" in _effective_wp_destructive) }}",
        "_wp_can_wipe": "{{ \"wipe\" in _effective_wp_destructive }}",
        "_wp_can_write_code": "{{ _wp_can_wipe or (\"code\"   in _effective_wp_destructive) }}",
        "_wp_can_write_data": "{{ _wp_can_wipe or (\"data\"   in _effective_wp_destructive) }}",
        "wp_can": {
            "configure": "{{ _wp_can_configure }}",
            "wipe": "{{ _wp_can_wipe }}",
            "write_code": "{{ _wp_can_write_code }}",
            "write_data": "{{ _wp_can_write_data }}"
        }
    },
    "ansible_included_var_files": [
        "/home/ubuntu/wp-ops/ansible/roles/wordpress-instance/vars/wp-destructive.yml"
    ],
    "changed": false
}

TASK [../roles/wordpress-instance : Fact directory] ****************************************************************************************************************************************************************************
task path: /home/ubuntu/wp-ops/ansible/roles/wordpress-instance/tasks/facts.yml:8
<_srv_www_www.epfl.ch_htdocs_about> ESTABLISH oc CONNECTION
<_srv_www_www.epfl.ch_htdocs_about> EXEC ['/usr/local/bin/oc', '-n', 'wwp-int', 'exec', '-i', 'mgmt-2-4fxql', '--', '/bin/sh', '-c', "/bin/sh -c 'echo ~ && sleep 0'"]
<_srv_www_www.epfl.ch_htdocs_about> EXEC ['/usr/local/bin/oc', '-n', 'wwp-int', 'exec', '-i', 'mgmt-2-4fxql', '--', '/bin/sh', '-c', '/bin/sh -c \'( umask 77 && mkdir -p "` echo /var/tmp/ansible-tmp-1570711858.577653-149176323911503 `" && echo ansible-tmp-1570711858.577653-149176323911503="` echo /var/tmp/ansible-tmp-1570711858.577653-149176323911503 `" ) && sleep 0\'']
Using module file /usr/local/lib/python3.6/dist-packages/ansible/modules/commands/command.py
<_srv_www_www.epfl.ch_htdocs_about> PUT /home/ubuntu/.ansible/tmp/ansible-local-8587fpbmczw5/tmphefusi99 TO /var/tmp/ansible-tmp-1570711858.577653-149176323911503/AnsiballZ_command.py
<_srv_www_www.epfl.ch_htdocs_about> EXEC ['/usr/local/bin/oc', '-n', 'wwp-int', 'exec', '-i', 'mgmt-2-4fxql', '--', '/bin/sh', '-c', "/bin/sh -c 'setfacl -m u:www-data:r-x /var/tmp/ansible-tmp-1570711858.577653-149176323911503/ /var/tmp/ansible-tmp-1570711858.577653-149176323911503/AnsiballZ_command.py && sleep 0'"]
<_srv_www_www.epfl.ch_htdocs_about> EXEC ['/usr/local/bin/oc', '-n', 'wwp-int', 'exec', '-i', 'mgmt-2-4fxql', '--', '/bin/sh', '-c', "/bin/sh -c 'chmod u+x /var/tmp/ansible-tmp-1570711858.577653-149176323911503/ /var/tmp/ansible-tmp-1570711858.577653-149176323911503/AnsiballZ_command.py && sleep 0'"]
<_srv_www_www.epfl.ch_htdocs_about> EXEC ['/usr/local/bin/oc', '-n', 'wwp-int', 'exec', '-i', 'mgmt-2-4fxql', '--', '/bin/sh', '-c', "/bin/sh -c 'chown www-data /var/tmp/ansible-tmp-1570711858.577653-149176323911503/ /var/tmp/ansible-tmp-1570711858.577653-149176323911503/AnsiballZ_command.py && sleep 0'"]
<_srv_www_www.epfl.ch_htdocs_about> EXEC ['/usr/local/bin/oc', '-n', 'wwp-int', 'exec', '-i', 'mgmt-2-4fxql', '--', '/bin/sh', '-c', '/bin/sh -c \'su  www-data -c \'"\'"\'/bin/sh -c \'"\'"\'"\'"\'"\'"\'"\'"\'echo BECOME-SUCCESS-spjwfuhmbmamyuvlkavtkmytlnljcyku ; python3 /var/tmp/ansible-tmp-1570711858.577653-149176323911503/AnsiballZ_command.py\'"\'"\'"\'"\'"\'"\'"\'"\'\'"\'"\' && sleep 0\'']
<_srv_www_www.epfl.ch_htdocs_about> EXEC ['/usr/local/bin/oc', '-n', 'wwp-int', 'exec', '-i', 'mgmt-2-4fxql', '--', '/bin/sh', '-c', "/bin/sh -c 'rm -f -r /var/tmp/ansible-tmp-1570711858.577653-149176323911503/ > /dev/null 2>&1 && sleep 0'"]
ok: [_srv_www_www.epfl.ch_htdocs_about] => {
    "changed": false,
    "cmd": "set -e -x\nexec 3>&1 >&2\n\nfactsdir=\"$(mktemp -d \"/tmp/wordpress-XXXXXX-facts.d\")\"\ncleanup_on_error() {\n  if [ -n \"$factsdir\" ]; then rm -rf \"$factsdir\"; fi\n}\ntrap cleanup_on_error EXIT INT QUIT HUP\n\nmake_fact_script() {\n  local scriptname\n  scriptname=\"$factsdir/$1.fact\"\n  (echo \"#!/bin/sh\"; echo) > \"$scriptname\"\n  cat >> \"$scriptname\"\n  if ! chmod 755 \"$scriptname\"; then echo \"OUCH\"; fi\n}\n\nmake_fact_script wp_is_installed <<'WP_INSTALLED_SCRIPT'\nif [ -f \"/srv/www/www-wwp-int.128.178.222.83.nip.io/htdocs/about/wp-config.php\" ]; then\n  echo true\nelse\n  echo false\nfi\nWP_INSTALLED_SCRIPT\n\nmake_fact_script wp_is_symlinked <<'WP_SYMLINKED_SCRIPT'\nif [ -L \"/srv/www/www-wwp-int.128.178.222.83.nip.io/htdocs/about/wp-admin\" ]; then\n  echo true\nelse\n  echo false\nfi\nWP_SYMLINKED_SCRIPT\n\nmake_fact_script wp_plugin_list <<'WP_PLUGINS_SCRIPT'\nmaybe_json=\"$(wp --path=\"/srv/www/www-wwp-int.128.178.222.83.nip.io/htdocs/about\" plugin list --format=json)\"\nif echo \"$maybe_json\" | jq -e . ; then\n  exit 0\nelse\n  case \"$?\" in\n    4) : ;;  # Malformed JSON - Continues below\n    *) exit 0 ;;\n  esac\nfi\n\npython3 - <<PYTHON_MALFORMED_JSON\n\nimport json,sys\nbad_json = \"\"\"$maybe_json\"\"\"\nprint(json.dumps({\n  \"_error\": \"\\`wp --path=/srv/www/www-wwp-int.128.178.222.83.nip.io/htdocs/about plugin list --format=json\\` produced unparseable JSON\",\n  \"_output_excerpt\": bad_json[:160]\n}))\nPYTHON_MALFORMED_JSON\n\nWP_PLUGINS_SCRIPT\n\necho \"$factsdir\" >&3\nunset factsdir  # So that cleanup_on_error() won't\n# '  # https://github.com/ansible/ansible/issues/28674 - Sad\n",
    "delta": "0:00:00.035649",
    "end": "2019-10-10 12:51:02.930897",
    "invocation": {
        "module_args": {
            "_raw_params": "set -e -x\nexec 3>&1 >&2\n\nfactsdir=\"$(mktemp -d \"/tmp/wordpress-XXXXXX-facts.d\")\"\ncleanup_on_error() {\n  if [ -n \"$factsdir\" ]; then rm -rf \"$factsdir\"; fi\n}\ntrap cleanup_on_error EXIT INT QUIT HUP\n\nmake_fact_script() {\n  local scriptname\n  scriptname=\"$factsdir/$1.fact\"\n  (echo \"#!/bin/sh\"; echo) > \"$scriptname\"\n  cat >> \"$scriptname\"\n  if ! chmod 755 \"$scriptname\"; then echo \"OUCH\"; fi\n}\n\nmake_fact_script wp_is_installed <<'WP_INSTALLED_SCRIPT'\nif [ -f \"/srv/www/www-wwp-int.128.178.222.83.nip.io/htdocs/about/wp-config.php\" ]; then\n  echo true\nelse\n  echo false\nfi\nWP_INSTALLED_SCRIPT\n\nmake_fact_script wp_is_symlinked <<'WP_SYMLINKED_SCRIPT'\nif [ -L \"/srv/www/www-wwp-int.128.178.222.83.nip.io/htdocs/about/wp-admin\" ]; then\n  echo true\nelse\n  echo false\nfi\nWP_SYMLINKED_SCRIPT\n\nmake_fact_script wp_plugin_list <<'WP_PLUGINS_SCRIPT'\nmaybe_json=\"$(wp --path=\"/srv/www/www-wwp-int.128.178.222.83.nip.io/htdocs/about\" plugin list --format=json)\"\nif echo \"$maybe_json\" | jq -e . ; then\n  exit 0\nelse\n  case \"$?\" in\n    4) : ;;  # Malformed JSON - Continues below\n    *) exit 0 ;;\n  esac\nfi\n\npython3 - <<PYTHON_MALFORMED_JSON\n\nimport json,sys\nbad_json = \"\"\"$maybe_json\"\"\"\nprint(json.dumps({\n  \"_error\": \"\\`wp --path=/srv/www/www-wwp-int.128.178.222.83.nip.io/htdocs/about plugin list --format=json\\` produced unparseable JSON\",\n  \"_output_excerpt\": bad_json[:160]\n}))\nPYTHON_MALFORMED_JSON\n\nWP_PLUGINS_SCRIPT\n\necho \"$factsdir\" >&3\nunset factsdir  # So that cleanup_on_error() won't\n# '  # https://github.com/ansible/ansible/issues/28674 - Sad\n",
            "_uses_shell": true,
            "argv": null,
            "chdir": null,
            "creates": null,
            "executable": null,
            "removes": null,
            "stdin": null,
            "stdin_add_newline": true,
            "strip_empty_ends": true,
            "warn": true
        }
    },
    "rc": 0,
    "start": "2019-10-10 12:51:02.895248",
    "stderr": "+ exec\n+ mktemp -d /tmp/wordpress-XXXXXX-facts.d\n+ factsdir=/tmp/wordpress-5cwnNG-facts.d\n+ trap cleanup_on_error EXIT INT QUIT HUP\n+ make_fact_script wp_is_installed\n+ local scriptname\n+ scriptname=/tmp/wordpress-5cwnNG-facts.d/wp_is_installed.fact\n+ echo #!/bin/sh\n+ echo\n+ cat\n+ chmod 755 /tmp/wordpress-5cwnNG-facts.d/wp_is_installed.fact\n+ make_fact_script wp_is_symlinked\n+ local scriptname\n+ scriptname=/tmp/wordpress-5cwnNG-facts.d/wp_is_symlinked.fact\n+ echo #!/bin/sh\n+ echo\n+ cat\n+ chmod 755 /tmp/wordpress-5cwnNG-facts.d/wp_is_symlinked.fact\n+ make_fact_script wp_plugin_list\n+ local scriptname\n+ scriptname=/tmp/wordpress-5cwnNG-facts.d/wp_plugin_list.fact\n+ echo #!/bin/sh\n+ echo\n+ cat\n+ chmod 755 /tmp/wordpress-5cwnNG-facts.d/wp_plugin_list.fact\n+ echo /tmp/wordpress-5cwnNG-facts.d\n+ unset factsdir\n+ cleanup_on_error\n+ [ -n  ]",
    "stderr_lines": [
        "+ exec",
        "+ mktemp -d /tmp/wordpress-XXXXXX-facts.d",
        "+ factsdir=/tmp/wordpress-5cwnNG-facts.d",
        "+ trap cleanup_on_error EXIT INT QUIT HUP",
        "+ make_fact_script wp_is_installed",
        "+ local scriptname",
        "+ scriptname=/tmp/wordpress-5cwnNG-facts.d/wp_is_installed.fact",
        "+ echo #!/bin/sh",
        "+ echo",
        "+ cat",
        "+ chmod 755 /tmp/wordpress-5cwnNG-facts.d/wp_is_installed.fact",
        "+ make_fact_script wp_is_symlinked",
        "+ local scriptname",
        "+ scriptname=/tmp/wordpress-5cwnNG-facts.d/wp_is_symlinked.fact",
        "+ echo #!/bin/sh",
        "+ echo",
        "+ cat",
        "+ chmod 755 /tmp/wordpress-5cwnNG-facts.d/wp_is_symlinked.fact",
        "+ make_fact_script wp_plugin_list",
        "+ local scriptname",
        "+ scriptname=/tmp/wordpress-5cwnNG-facts.d/wp_plugin_list.fact",
        "+ echo #!/bin/sh",
        "+ echo",
        "+ cat",
        "+ chmod 755 /tmp/wordpress-5cwnNG-facts.d/wp_plugin_list.fact",
        "+ echo /tmp/wordpress-5cwnNG-facts.d",
        "+ unset factsdir",
        "+ cleanup_on_error",
        "+ [ -n  ]"
    ],
    "stdout": "/tmp/wordpress-5cwnNG-facts.d",
    "stdout_lines": [
        "/tmp/wordpress-5cwnNG-facts.d"
    ]
}

TASK [../roles/wordpress-instance : setup] *************************************************************************************************************************************************************************************
task path: /home/ubuntu/wp-ops/ansible/roles/wordpress-instance/tasks/facts.yml:80
<_srv_www_www.epfl.ch_htdocs_about> ESTABLISH oc CONNECTION
<_srv_www_www.epfl.ch_htdocs_about> EXEC ['/usr/local/bin/oc', '-n', 'wwp-int', 'exec', '-i', 'mgmt-2-4fxql', '--', '/bin/sh', '-c', "/bin/sh -c 'echo ~ && sleep 0'"]
<_srv_www_www.epfl.ch_htdocs_about> EXEC ['/usr/local/bin/oc', '-n', 'wwp-int', 'exec', '-i', 'mgmt-2-4fxql', '--', '/bin/sh', '-c', '/bin/sh -c \'( umask 77 && mkdir -p "` echo /var/tmp/ansible-tmp-1570711863.6355314-279803645199598 `" && echo ansible-tmp-1570711863.6355314-279803645199598="` echo /var/tmp/ansible-tmp-1570711863.6355314-279803645199598 `" ) && sleep 0\'']
Using module file /usr/local/lib/python3.6/dist-packages/ansible/modules/system/setup.py
<_srv_www_www.epfl.ch_htdocs_about> PUT /home/ubuntu/.ansible/tmp/ansible-local-8587fpbmczw5/tmp4tl3jphg TO /var/tmp/ansible-tmp-1570711863.6355314-279803645199598/AnsiballZ_setup.py
<_srv_www_www.epfl.ch_htdocs_about> EXEC ['/usr/local/bin/oc', '-n', 'wwp-int', 'exec', '-i', 'mgmt-2-4fxql', '--', '/bin/sh', '-c', "/bin/sh -c 'setfacl -m u:www-data:r-x /var/tmp/ansible-tmp-1570711863.6355314-279803645199598/ /var/tmp/ansible-tmp-1570711863.6355314-279803645199598/AnsiballZ_setup.py && sleep 0'"]
<_srv_www_www.epfl.ch_htdocs_about> EXEC ['/usr/local/bin/oc', '-n', 'wwp-int', 'exec', '-i', 'mgmt-2-4fxql', '--', '/bin/sh', '-c', "/bin/sh -c 'chmod u+x /var/tmp/ansible-tmp-1570711863.6355314-279803645199598/ /var/tmp/ansible-tmp-1570711863.6355314-279803645199598/AnsiballZ_setup.py && sleep 0'"]
<_srv_www_www.epfl.ch_htdocs_about> EXEC ['/usr/local/bin/oc', '-n', 'wwp-int', 'exec', '-i', 'mgmt-2-4fxql', '--', '/bin/sh', '-c', "/bin/sh -c 'chown www-data /var/tmp/ansible-tmp-1570711863.6355314-279803645199598/ /var/tmp/ansible-tmp-1570711863.6355314-279803645199598/AnsiballZ_setup.py && sleep 0'"]
<_srv_www_www.epfl.ch_htdocs_about> EXEC ['/usr/local/bin/oc', '-n', 'wwp-int', 'exec', '-i', 'mgmt-2-4fxql', '--', '/bin/sh', '-c', '/bin/sh -c \'su  www-data -c \'"\'"\'/bin/sh -c \'"\'"\'"\'"\'"\'"\'"\'"\'echo BECOME-SUCCESS-aalbyxeokwdzlgjsnjzkuuayywrzhnkp ; python3 /var/tmp/ansible-tmp-1570711863.6355314-279803645199598/AnsiballZ_setup.py\'"\'"\'"\'"\'"\'"\'"\'"\'\'"\'"\' && sleep 0\'']
<_srv_www_www.epfl.ch_htdocs_about> EXEC ['/usr/local/bin/oc', '-n', 'wwp-int', 'exec', '-i', 'mgmt-2-4fxql', '--', '/bin/sh', '-c', "/bin/sh -c 'rm -f -r /var/tmp/ansible-tmp-1570711863.6355314-279803645199598/ > /dev/null 2>&1 && sleep 0'"]
ok: [_srv_www_www.epfl.ch_htdocs_about]

TASK [../roles/wordpress-instance : Run fact scripts directly for debug] *******************************************************************************************************************************************************
task path: /home/ubuntu/wp-ops/ansible/roles/wordpress-instance/tasks/facts.yml:95
skipping: [_srv_www_www.epfl.ch_htdocs_about] => {
    "changed": false,
    "skip_reason": "Conditional result was False"
}

TASK [../roles/wordpress-instance : Result of above (_run_fact_scripts_directly)] **********************************************************************************************************************************************
task path: /home/ubuntu/wp-ops/ansible/roles/wordpress-instance/tasks/facts.yml:103
skipping: [_srv_www_www.epfl.ch_htdocs_about] => {}

TASK [../roles/wordpress-instance : Debug ansible_facts] ***********************************************************************************************************************************************************************
task path: /home/ubuntu/wp-ops/ansible/roles/wordpress-instance/tasks/facts.yml:108
skipping: [_srv_www_www.epfl.ch_htdocs_about] => {}

TASK [../roles/wordpress-instance : Delete fact directory] *********************************************************************************************************************************************************************
task path: /home/ubuntu/wp-ops/ansible/roles/wordpress-instance/tasks/facts.yml:121
<_srv_www_www.epfl.ch_htdocs_about> ESTABLISH oc CONNECTION
<_srv_www_www.epfl.ch_htdocs_about> EXEC ['/usr/local/bin/oc', '-n', 'wwp-int', 'exec', '-i', 'mgmt-2-4fxql', '--', '/bin/sh', '-c', "/bin/sh -c 'echo ~ && sleep 0'"]
<_srv_www_www.epfl.ch_htdocs_about> EXEC ['/usr/local/bin/oc', '-n', 'wwp-int', 'exec', '-i', 'mgmt-2-4fxql', '--', '/bin/sh', '-c', '/bin/sh -c \'( umask 77 && mkdir -p "` echo /var/tmp/ansible-tmp-1570711870.7311554-137808750002601 `" && echo ansible-tmp-1570711870.7311554-137808750002601="` echo /var/tmp/ansible-tmp-1570711870.7311554-137808750002601 `" ) && sleep 0\'']
Using module file /usr/local/lib/python3.6/dist-packages/ansible/modules/files/file.py
<_srv_www_www.epfl.ch_htdocs_about> PUT /home/ubuntu/.ansible/tmp/ansible-local-8587fpbmczw5/tmphkwd35ba TO /var/tmp/ansible-tmp-1570711870.7311554-137808750002601/AnsiballZ_file.py
<_srv_www_www.epfl.ch_htdocs_about> EXEC ['/usr/local/bin/oc', '-n', 'wwp-int', 'exec', '-i', 'mgmt-2-4fxql', '--', '/bin/sh', '-c', "/bin/sh -c 'setfacl -m u:www-data:r-x /var/tmp/ansible-tmp-1570711870.7311554-137808750002601/ /var/tmp/ansible-tmp-1570711870.7311554-137808750002601/AnsiballZ_file.py && sleep 0'"]
<_srv_www_www.epfl.ch_htdocs_about> EXEC ['/usr/local/bin/oc', '-n', 'wwp-int', 'exec', '-i', 'mgmt-2-4fxql', '--', '/bin/sh', '-c', "/bin/sh -c 'chmod u+x /var/tmp/ansible-tmp-1570711870.7311554-137808750002601/ /var/tmp/ansible-tmp-1570711870.7311554-137808750002601/AnsiballZ_file.py && sleep 0'"]
<_srv_www_www.epfl.ch_htdocs_about> EXEC ['/usr/local/bin/oc', '-n', 'wwp-int', 'exec', '-i', 'mgmt-2-4fxql', '--', '/bin/sh', '-c', "/bin/sh -c 'chown www-data /var/tmp/ansible-tmp-1570711870.7311554-137808750002601/ /var/tmp/ansible-tmp-1570711870.7311554-137808750002601/AnsiballZ_file.py && sleep 0'"]
<_srv_www_www.epfl.ch_htdocs_about> EXEC ['/usr/local/bin/oc', '-n', 'wwp-int', 'exec', '-i', 'mgmt-2-4fxql', '--', '/bin/sh', '-c', '/bin/sh -c \'su  www-data -c \'"\'"\'/bin/sh -c \'"\'"\'"\'"\'"\'"\'"\'"\'echo BECOME-SUCCESS-wboclhpjzgtbhuugvgwrllykttnwgzxe ; python3 /var/tmp/ansible-tmp-1570711870.7311554-137808750002601/AnsiballZ_file.py\'"\'"\'"\'"\'"\'"\'"\'"\'\'"\'"\' && sleep 0\'']
<_srv_www_www.epfl.ch_htdocs_about> EXEC ['/usr/local/bin/oc', '-n', 'wwp-int', 'exec', '-i', 'mgmt-2-4fxql', '--', '/bin/sh', '-c', "/bin/sh -c 'rm -f -r /var/tmp/ansible-tmp-1570711870.7311554-137808750002601/ > /dev/null 2>&1 && sleep 0'"]
ok: [_srv_www_www.epfl.ch_htdocs_about] => {
    "changed": false,
    "diff": {
        "after": {
            "path": "/tmp/wordpress-5cwnNG-facts.d",
            "state": "absent"
        },
        "before": {
            "path": "/tmp/wordpress-5cwnNG-facts.d",
            "state": "directory"
        }
    },
    "invocation": {
        "module_args": {
            "_diff_peek": null,
            "_original_basename": null,
            "access_time": null,
            "access_time_format": "%Y%m%d%H%M.%S",
            "attributes": null,
            "backup": null,
            "content": null,
            "delimiter": null,
            "directory_mode": null,
            "follow": true,
            "force": false,
            "group": null,
            "mode": null,
            "modification_time": null,
            "modification_time_format": "%Y%m%d%H%M.%S",
            "owner": null,
            "path": "/tmp/wordpress-5cwnNG-facts.d",
            "recurse": false,
            "regexp": null,
            "remote_src": null,
            "selevel": null,
            "serole": null,
            "setype": null,
            "seuser": null,
            "src": null,
            "state": "absent",
            "unsafe_writes": null
        }
    },
    "path": "/tmp/wordpress-5cwnNG-facts.d",
    "state": "absent"
}

TASK [../roles/wordpress-instance : include_vars] ******************************************************************************************************************************************************************************
task path: /home/ubuntu/wp-ops/ansible/roles/wordpress-instance/tasks/restore-from-prod.yml:3
ok: [_srv_www_www.epfl.ch_htdocs_about] => {
    "ansible_facts": {
        "restore_htaccess_path": "{{ wp_dir }}/.htaccess",
        "restore_htaccess_path_tar": "{{ restore_intar_htaccess | sanitize_tar_path }}",
        "restore_intar_dir": "{{ restore_backup_folder | replace('_', '/') }}",
        "restore_intar_htaccess": "{{ restore_intar_dir }}/.htaccess",
        "restore_tar_full_path": "/backups/{{restore_backup_folder}}/{{restore_archive_name}}"
    },
    "ansible_included_var_files": [
        "/home/ubuntu/wp-ops/ansible/roles/wordpress-instance/vars/restore-vars.yml"
    ],
    "changed": false
}

TASK [../roles/wordpress-instance : directories] *******************************************************************************************************************************************************************************
task path: /home/ubuntu/wp-ops/ansible/roles/wordpress-instance/tasks/restore-from-prod.yml:6
<_srv_www_www.epfl.ch_htdocs_about> ESTABLISH oc CONNECTION
<_srv_www_www.epfl.ch_htdocs_about> EXEC ['/usr/local/bin/oc', '-n', 'wwp-int', 'exec', '-i', 'mgmt-2-4fxql', '--', '/bin/sh', '-c', "/bin/sh -c 'echo ~ && sleep 0'"]
<_srv_www_www.epfl.ch_htdocs_about> EXEC ['/usr/local/bin/oc', '-n', 'wwp-int', 'exec', '-i', 'mgmt-2-4fxql', '--', '/bin/sh', '-c', '/bin/sh -c \'( umask 77 && mkdir -p "` echo /var/tmp/ansible-tmp-1570711875.634316-213383060798415 `" && echo ansible-tmp-1570711875.634316-213383060798415="` echo /var/tmp/ansible-tmp-1570711875.634316-213383060798415 `" ) && sleep 0\'']
Using module file /usr/local/lib/python3.6/dist-packages/ansible/modules/files/file.py
<_srv_www_www.epfl.ch_htdocs_about> PUT /home/ubuntu/.ansible/tmp/ansible-local-8587fpbmczw5/tmp28987xdp TO /var/tmp/ansible-tmp-1570711875.634316-213383060798415/AnsiballZ_file.py
<_srv_www_www.epfl.ch_htdocs_about> EXEC ['/usr/local/bin/oc', '-n', 'wwp-int', 'exec', '-i', 'mgmt-2-4fxql', '--', '/bin/sh', '-c', "/bin/sh -c 'setfacl -m u:www-data:r-x /var/tmp/ansible-tmp-1570711875.634316-213383060798415/ /var/tmp/ansible-tmp-1570711875.634316-213383060798415/AnsiballZ_file.py && sleep 0'"]
<_srv_www_www.epfl.ch_htdocs_about> EXEC ['/usr/local/bin/oc', '-n', 'wwp-int', 'exec', '-i', 'mgmt-2-4fxql', '--', '/bin/sh', '-c', "/bin/sh -c 'chmod u+x /var/tmp/ansible-tmp-1570711875.634316-213383060798415/ /var/tmp/ansible-tmp-1570711875.634316-213383060798415/AnsiballZ_file.py && sleep 0'"]
<_srv_www_www.epfl.ch_htdocs_about> EXEC ['/usr/local/bin/oc', '-n', 'wwp-int', 'exec', '-i', 'mgmt-2-4fxql', '--', '/bin/sh', '-c', "/bin/sh -c 'chown www-data /var/tmp/ansible-tmp-1570711875.634316-213383060798415/ /var/tmp/ansible-tmp-1570711875.634316-213383060798415/AnsiballZ_file.py && sleep 0'"]
<_srv_www_www.epfl.ch_htdocs_about> EXEC ['/usr/local/bin/oc', '-n', 'wwp-int', 'exec', '-i', 'mgmt-2-4fxql', '--', '/bin/sh', '-c', '/bin/sh -c \'su  www-data -c \'"\'"\'/bin/sh -c \'"\'"\'"\'"\'"\'"\'"\'"\'echo BECOME-SUCCESS-icfzlqjgguawemxzutkalzsdyjrnnkxv ; python3 /var/tmp/ansible-tmp-1570711875.634316-213383060798415/AnsiballZ_file.py\'"\'"\'"\'"\'"\'"\'"\'"\'\'"\'"\' && sleep 0\'']
<_srv_www_www.epfl.ch_htdocs_about> EXEC ['/usr/local/bin/oc', '-n', 'wwp-int', 'exec', '-i', 'mgmt-2-4fxql', '--', '/bin/sh', '-c', "/bin/sh -c 'rm -f -r /var/tmp/ansible-tmp-1570711875.634316-213383060798415/ > /dev/null 2>&1 && sleep 0'"]
ok: [_srv_www_www.epfl.ch_htdocs_about] => {
    "changed": false,
    "diff": {
        "after": {
            "path": "/srv/www/www-wwp-int.128.178.222.83.nip.io/htdocs/about"
        },
        "before": {
            "path": "/srv/www/www-wwp-int.128.178.222.83.nip.io/htdocs/about"
        }
    },
    "gid": 33,
    "group": "www-data",
    "invocation": {
        "module_args": {
            "_diff_peek": null,
            "_original_basename": null,
            "access_time": null,
            "access_time_format": "%Y%m%d%H%M.%S",
            "attributes": null,
            "backup": null,
            "content": null,
            "delimiter": null,
            "directory_mode": null,
            "follow": true,
            "force": false,
            "group": null,
            "mode": null,
            "modification_time": null,
            "modification_time_format": "%Y%m%d%H%M.%S",
            "owner": "www-data",
            "path": "/srv/www/www-wwp-int.128.178.222.83.nip.io/htdocs/about",
            "recurse": false,
            "regexp": null,
            "remote_src": null,
            "selevel": null,
            "serole": null,
            "setype": null,
            "seuser": null,
            "src": null,
            "state": "directory",
            "unsafe_writes": null
        }
    },
    "mode": "0775",
    "owner": "www-data",
    "path": "/srv/www/www-wwp-int.128.178.222.83.nip.io/htdocs/about",
    "size": 4096,
    "state": "directory",
    "uid": 33
}

TASK [../roles/wordpress-instance : wp evaluation] *****************************************************************************************************************************************************************************
task path: /home/ubuntu/wp-ops/ansible/roles/wordpress-instance/tasks/restore-from-prod.yml:13
<_srv_www_www.epfl.ch_htdocs_about> ESTABLISH oc CONNECTION
<_srv_www_www.epfl.ch_htdocs_about> EXEC ['/usr/local/bin/oc', '-n', 'wwp-int', 'exec', '-i', 'mgmt-2-4fxql', '--', '/bin/sh', '-c', "/bin/sh -c 'echo ~ && sleep 0'"]
<_srv_www_www.epfl.ch_htdocs_about> EXEC ['/usr/local/bin/oc', '-n', 'wwp-int', 'exec', '-i', 'mgmt-2-4fxql', '--', '/bin/sh', '-c', '/bin/sh -c \'( umask 77 && mkdir -p "` echo /var/tmp/ansible-tmp-1570711880.0719304-151826640182322 `" && echo ansible-tmp-1570711880.0719304-151826640182322="` echo /var/tmp/ansible-tmp-1570711880.0719304-151826640182322 `" ) && sleep 0\'']
Using module file /usr/local/lib/python3.6/dist-packages/ansible/modules/commands/command.py
<_srv_www_www.epfl.ch_htdocs_about> PUT /home/ubuntu/.ansible/tmp/ansible-local-8587fpbmczw5/tmpk5yc66oi TO /var/tmp/ansible-tmp-1570711880.0719304-151826640182322/AnsiballZ_command.py
<_srv_www_www.epfl.ch_htdocs_about> EXEC ['/usr/local/bin/oc', '-n', 'wwp-int', 'exec', '-i', 'mgmt-2-4fxql', '--', '/bin/sh', '-c', "/bin/sh -c 'setfacl -m u:www-data:r-x /var/tmp/ansible-tmp-1570711880.0719304-151826640182322/ /var/tmp/ansible-tmp-1570711880.0719304-151826640182322/AnsiballZ_command.py && sleep 0'"]
<_srv_www_www.epfl.ch_htdocs_about> EXEC ['/usr/local/bin/oc', '-n', 'wwp-int', 'exec', '-i', 'mgmt-2-4fxql', '--', '/bin/sh', '-c', "/bin/sh -c 'chmod u+x /var/tmp/ansible-tmp-1570711880.0719304-151826640182322/ /var/tmp/ansible-tmp-1570711880.0719304-151826640182322/AnsiballZ_command.py && sleep 0'"]
<_srv_www_www.epfl.ch_htdocs_about> EXEC ['/usr/local/bin/oc', '-n', 'wwp-int', 'exec', '-i', 'mgmt-2-4fxql', '--', '/bin/sh', '-c', "/bin/sh -c 'chown www-data /var/tmp/ansible-tmp-1570711880.0719304-151826640182322/ /var/tmp/ansible-tmp-1570711880.0719304-151826640182322/AnsiballZ_command.py && sleep 0'"]
<_srv_www_www.epfl.ch_htdocs_about> EXEC ['/usr/local/bin/oc', '-n', 'wwp-int', 'exec', '-i', 'mgmt-2-4fxql', '--', '/bin/sh', '-c', '/bin/sh -c \'su  www-data -c \'"\'"\'/bin/sh -c \'"\'"\'"\'"\'"\'"\'"\'"\'echo BECOME-SUCCESS-wqsovqhwzzfkmszthvfoyyxqyjcyrhno ; python3 /var/tmp/ansible-tmp-1570711880.0719304-151826640182322/AnsiballZ_command.py\'"\'"\'"\'"\'"\'"\'"\'"\'\'"\'"\' && sleep 0\'']
<_srv_www_www.epfl.ch_htdocs_about> EXEC ['/usr/local/bin/oc', '-n', 'wwp-int', 'exec', '-i', 'mgmt-2-4fxql', '--', '/bin/sh', '-c', "/bin/sh -c 'rm -f -r /var/tmp/ansible-tmp-1570711880.0719304-151826640182322/ > /dev/null 2>&1 && sleep 0'"]
ok: [_srv_www_www.epfl.ch_htdocs_about] => {
    "changed": false,
    "cmd": "echo -e \"zuzu: \"$(date)\necho $(wp --path=/srv/www/www-wwp-int.128.178.222.83.nip.io/htdocs/about eval '1;')\n",
    "delta": "0:00:00.768608",
    "end": "2019-10-10 12:51:24.644087",
    "invocation": {
        "module_args": {
            "_raw_params": "echo -e \"zuzu: \"$(date)\necho $(wp --path=/srv/www/www-wwp-int.128.178.222.83.nip.io/htdocs/about eval '1;')\n",
            "_uses_shell": true,
            "argv": null,
            "chdir": null,
            "creates": null,
            "executable": null,
            "removes": null,
            "stdin": null,
            "stdin_add_newline": true,
            "strip_empty_ends": true,
            "warn": true
        }
    },
    "rc": 0,
    "start": "2019-10-10 12:51:23.875479",
    "stderr": "",
    "stderr_lines": [],
    "stdout": "-e zuzu: Thu Oct 10 12:51:23 UTC 2019",
    "stdout_lines": [
        "-e zuzu: Thu Oct 10 12:51:23 UTC 2019"
    ]
}

TASK [../roles/wordpress-instance : debug] *************************************************************************************************************************************************************************************
task path: /home/ubuntu/wp-ops/ansible/roles/wordpress-instance/tasks/restore-from-prod.yml:20
ok: [_srv_www_www.epfl.ch_htdocs_about] => {
    "out.stderr": ""
}

TASK [../roles/wordpress-instance : wp symlink] ********************************************************************************************************************************************************************************
task path: /home/ubuntu/wp-ops/ansible/roles/wordpress-instance/tasks/restore-from-prod.yml:25
<_srv_www_www.epfl.ch_htdocs_about> ESTABLISH oc CONNECTION
<_srv_www_www.epfl.ch_htdocs_about> EXEC ['/usr/local/bin/oc', '-n', 'wwp-int', 'exec', '-i', 'mgmt-2-4fxql', '--', '/bin/sh', '-c', "/bin/sh -c 'echo ~ && sleep 0'"]
<_srv_www_www.epfl.ch_htdocs_about> EXEC ['/usr/local/bin/oc', '-n', 'wwp-int', 'exec', '-i', 'mgmt-2-4fxql', '--', '/bin/sh', '-c', '/bin/sh -c \'( umask 77 && mkdir -p "` echo /var/tmp/ansible-tmp-1570711885.364404-22283493700512 `" && echo ansible-tmp-1570711885.364404-22283493700512="` echo /var/tmp/ansible-tmp-1570711885.364404-22283493700512 `" ) && sleep 0\'']
Using module file /usr/local/lib/python3.6/dist-packages/ansible/modules/files/file.py
<_srv_www_www.epfl.ch_htdocs_about> PUT /home/ubuntu/.ansible/tmp/ansible-local-8587fpbmczw5/tmpc9q5kmpl TO /var/tmp/ansible-tmp-1570711885.364404-22283493700512/AnsiballZ_file.py
<_srv_www_www.epfl.ch_htdocs_about> EXEC ['/usr/local/bin/oc', '-n', 'wwp-int', 'exec', '-i', 'mgmt-2-4fxql', '--', '/bin/sh', '-c', "/bin/sh -c 'setfacl -m u:www-data:r-x /var/tmp/ansible-tmp-1570711885.364404-22283493700512/ /var/tmp/ansible-tmp-1570711885.364404-22283493700512/AnsiballZ_file.py && sleep 0'"]
<_srv_www_www.epfl.ch_htdocs_about> EXEC ['/usr/local/bin/oc', '-n', 'wwp-int', 'exec', '-i', 'mgmt-2-4fxql', '--', '/bin/sh', '-c', "/bin/sh -c 'chmod u+x /var/tmp/ansible-tmp-1570711885.364404-22283493700512/ /var/tmp/ansible-tmp-1570711885.364404-22283493700512/AnsiballZ_file.py && sleep 0'"]
<_srv_www_www.epfl.ch_htdocs_about> EXEC ['/usr/local/bin/oc', '-n', 'wwp-int', 'exec', '-i', 'mgmt-2-4fxql', '--', '/bin/sh', '-c', "/bin/sh -c 'chown www-data /var/tmp/ansible-tmp-1570711885.364404-22283493700512/ /var/tmp/ansible-tmp-1570711885.364404-22283493700512/AnsiballZ_file.py && sleep 0'"]
<_srv_www_www.epfl.ch_htdocs_about> EXEC ['/usr/local/bin/oc', '-n', 'wwp-int', 'exec', '-i', 'mgmt-2-4fxql', '--', '/bin/sh', '-c', '/bin/sh -c \'su  www-data -c \'"\'"\'/bin/sh -c \'"\'"\'"\'"\'"\'"\'"\'"\'echo BECOME-SUCCESS-igeotlusgqdlyntsdycbmlvybmkdjeqk ; python3 /var/tmp/ansible-tmp-1570711885.364404-22283493700512/AnsiballZ_file.py\'"\'"\'"\'"\'"\'"\'"\'"\'\'"\'"\' && sleep 0\'']
<_srv_www_www.epfl.ch_htdocs_about> EXEC ['/usr/local/bin/oc', '-n', 'wwp-int', 'exec', '-i', 'mgmt-2-4fxql', '--', '/bin/sh', '-c', "/bin/sh -c 'rm -f -r /var/tmp/ansible-tmp-1570711885.364404-22283493700512/ > /dev/null 2>&1 && sleep 0'"]
ok: [_srv_www_www.epfl.ch_htdocs_about] => {
    "changed": false,
    "dest": "/srv/www/www-wwp-int.128.178.222.83.nip.io/htdocs/about/wp",
    "diff": {
        "after": {
            "path": "/srv/www/www-wwp-int.128.178.222.83.nip.io/htdocs/about/wp"
        },
        "before": {
            "path": "/srv/www/www-wwp-int.128.178.222.83.nip.io/htdocs/about/wp"
        }
    },
    "gid": 33,
    "group": "www-data",
    "invocation": {
        "module_args": {
            "_diff_peek": null,
            "_original_basename": null,
            "access_time": null,
            "access_time_format": "%Y%m%d%H%M.%S",
            "attributes": null,
            "backup": null,
            "content": null,
            "delimiter": null,
            "dest": "/srv/www/www-wwp-int.128.178.222.83.nip.io/htdocs/about/wp",
            "directory_mode": null,
            "follow": true,
            "force": false,
            "group": null,
            "mode": null,
            "modification_time": null,
            "modification_time_format": "%Y%m%d%H%M.%S",
            "owner": null,
            "path": "/srv/www/www-wwp-int.128.178.222.83.nip.io/htdocs/about/wp",
            "recurse": false,
            "regexp": null,
            "remote_src": null,
            "selevel": null,
            "serole": null,
            "setype": null,
            "seuser": null,
            "src": "/wp/4",
            "state": "link",
            "unsafe_writes": null
        }
    },
    "mode": "0777",
    "owner": "www-data",
    "size": 5,
    "src": "/wp/4",
    "state": "link",
    "uid": 33
}

TASK [../roles/wordpress-instance : symlink] ***********************************************************************************************************************************************************************************
task path: /home/ubuntu/wp-ops/ansible/roles/wordpress-instance/tasks/restore-from-prod.yml:32
skipping: [_srv_www_www.epfl.ch_htdocs_about] => {
    "changed": false,
    "skip_reason": "Conditional result was False"
}

TASK [../roles/wordpress-instance : unzip backup archive] **********************************************************************************************************************************************************************
task path: /home/ubuntu/wp-ops/ansible/roles/wordpress-instance/tasks/restore-from-prod.yml:49
skipping: [_srv_www_www.epfl.ch_htdocs_about] => {
    "changed": false,
    "skip_reason": "Conditional result was False"
}

TASK [../roles/wordpress-instance : wp evaluation] *****************************************************************************************************************************************************************************
task path: /home/ubuntu/wp-ops/ansible/roles/wordpress-instance/tasks/restore-from-prod.yml:57
<_srv_www_www.epfl.ch_htdocs_about> ESTABLISH oc CONNECTION
<_srv_www_www.epfl.ch_htdocs_about> EXEC ['/usr/local/bin/oc', '-n', 'wwp-int', 'exec', '-i', 'mgmt-2-4fxql', '--', '/bin/sh', '-c', "/bin/sh -c 'echo ~ && sleep 0'"]
<_srv_www_www.epfl.ch_htdocs_about> EXEC ['/usr/local/bin/oc', '-n', 'wwp-int', 'exec', '-i', 'mgmt-2-4fxql', '--', '/bin/sh', '-c', '/bin/sh -c \'( umask 77 && mkdir -p "` echo /var/tmp/ansible-tmp-1570711890.110265-121877240232480 `" && echo ansible-tmp-1570711890.110265-121877240232480="` echo /var/tmp/ansible-tmp-1570711890.110265-121877240232480 `" ) && sleep 0\'']
Using module file /usr/local/lib/python3.6/dist-packages/ansible/modules/commands/command.py
<_srv_www_www.epfl.ch_htdocs_about> PUT /home/ubuntu/.ansible/tmp/ansible-local-8587fpbmczw5/tmp_p5o2_v1 TO /var/tmp/ansible-tmp-1570711890.110265-121877240232480/AnsiballZ_command.py
<_srv_www_www.epfl.ch_htdocs_about> EXEC ['/usr/local/bin/oc', '-n', 'wwp-int', 'exec', '-i', 'mgmt-2-4fxql', '--', '/bin/sh', '-c', "/bin/sh -c 'setfacl -m u:www-data:r-x /var/tmp/ansible-tmp-1570711890.110265-121877240232480/ /var/tmp/ansible-tmp-1570711890.110265-121877240232480/AnsiballZ_command.py && sleep 0'"]
<_srv_www_www.epfl.ch_htdocs_about> EXEC ['/usr/local/bin/oc', '-n', 'wwp-int', 'exec', '-i', 'mgmt-2-4fxql', '--', '/bin/sh', '-c', "/bin/sh -c 'chmod u+x /var/tmp/ansible-tmp-1570711890.110265-121877240232480/ /var/tmp/ansible-tmp-1570711890.110265-121877240232480/AnsiballZ_command.py && sleep 0'"]
<_srv_www_www.epfl.ch_htdocs_about> EXEC ['/usr/local/bin/oc', '-n', 'wwp-int', 'exec', '-i', 'mgmt-2-4fxql', '--', '/bin/sh', '-c', "/bin/sh -c 'chown www-data /var/tmp/ansible-tmp-1570711890.110265-121877240232480/ /var/tmp/ansible-tmp-1570711890.110265-121877240232480/AnsiballZ_command.py && sleep 0'"]
<_srv_www_www.epfl.ch_htdocs_about> EXEC ['/usr/local/bin/oc', '-n', 'wwp-int', 'exec', '-i', 'mgmt-2-4fxql', '--', '/bin/sh', '-c', '/bin/sh -c \'su  www-data -c \'"\'"\'/bin/sh -c \'"\'"\'"\'"\'"\'"\'"\'"\'echo BECOME-SUCCESS-msmfcptmxkjzygppccqqzmglwgquoqus ; python3 /var/tmp/ansible-tmp-1570711890.110265-121877240232480/AnsiballZ_command.py\'"\'"\'"\'"\'"\'"\'"\'"\'\'"\'"\' && sleep 0\'']
<_srv_www_www.epfl.ch_htdocs_about> EXEC ['/usr/local/bin/oc', '-n', 'wwp-int', 'exec', '-i', 'mgmt-2-4fxql', '--', '/bin/sh', '-c', "/bin/sh -c 'rm -f -r /var/tmp/ansible-tmp-1570711890.110265-121877240232480/ > /dev/null 2>&1 && sleep 0'"]
ok: [_srv_www_www.epfl.ch_htdocs_about] => {
    "changed": false,
    "cmd": "echo $(wp --path=/srv/www/www-wwp-int.128.178.222.83.nip.io/htdocs/about eval '1;')\n",
    "delta": "0:00:00.635840",
    "end": "2019-10-10 12:51:34.811488",
    "invocation": {
        "module_args": {
            "_raw_params": "echo $(wp --path=/srv/www/www-wwp-int.128.178.222.83.nip.io/htdocs/about eval '1;')\n",
            "_uses_shell": true,
            "argv": null,
            "chdir": null,
            "creates": null,
            "executable": null,
            "removes": null,
            "stdin": null,
            "stdin_add_newline": true,
            "strip_empty_ends": true,
            "warn": true
        }
    },
    "rc": 0,
    "start": "2019-10-10 12:51:34.175648",
    "stderr": "",
    "stderr_lines": [],
    "stdout": "",
    "stdout_lines": []
}

TASK [../roles/wordpress-instance : debug] *************************************************************************************************************************************************************************************
task path: /home/ubuntu/wp-ops/ansible/roles/wordpress-instance/tasks/restore-from-prod.yml:63
ok: [_srv_www_www.epfl.ch_htdocs_about] => {
    "out.stderr": ""
}

TASK [../roles/wordpress-instance : delete stale wp-config file] ***************************************************************************************************************************************************************
task path: /home/ubuntu/wp-ops/ansible/roles/wordpress-instance/tasks/restore-from-prod.yml:69
skipping: [_srv_www_www.epfl.ch_htdocs_about] => {
    "changed": false,
    "skip_reason": "Conditional result was False"
}

TASK [../roles/wordpress-instance : Create databases & wp-config files for wordpress instances [IF NEEDED]] ********************************************************************************************************************
task path: /home/ubuntu/wp-ops/ansible/roles/wordpress-instance/tasks/restore-from-prod.yml:76
skipping: [_srv_www_www.epfl.ch_htdocs_about] => {
    "changed": false,
    "skip_reason": "Conditional result was False"
}

TASK [../roles/wordpress-instance : extract .htaccess] *************************************************************************************************************************************************************************
task path: /home/ubuntu/wp-ops/ansible/roles/wordpress-instance/tasks/restore-from-prod.yml:92
<_srv_www_www.epfl.ch_htdocs_about> ESTABLISH oc CONNECTION
<_srv_www_www.epfl.ch_htdocs_about> EXEC ['/usr/local/bin/oc', '-n', 'wwp-int', 'exec', '-i', 'mgmt-2-4fxql', '--', '/bin/sh', '-c', "/bin/sh -c 'echo ~ && sleep 0'"]
<_srv_www_www.epfl.ch_htdocs_about> EXEC ['/usr/local/bin/oc', '-n', 'wwp-int', 'exec', '-i', 'mgmt-2-4fxql', '--', '/bin/sh', '-c', '/bin/sh -c \'( umask 77 && mkdir -p "` echo /var/tmp/ansible-tmp-1570711895.5766037-225462059503500 `" && echo ansible-tmp-1570711895.5766037-225462059503500="` echo /var/tmp/ansible-tmp-1570711895.5766037-225462059503500 `" ) && sleep 0\'']
Using module file /usr/local/lib/python3.6/dist-packages/ansible/modules/commands/command.py
<_srv_www_www.epfl.ch_htdocs_about> PUT /home/ubuntu/.ansible/tmp/ansible-local-8587fpbmczw5/tmphehagt91 TO /var/tmp/ansible-tmp-1570711895.5766037-225462059503500/AnsiballZ_command.py
<_srv_www_www.epfl.ch_htdocs_about> EXEC ['/usr/local/bin/oc', '-n', 'wwp-int', 'exec', '-i', 'mgmt-2-4fxql', '--', '/bin/sh', '-c', "/bin/sh -c 'setfacl -m u:www-data:r-x /var/tmp/ansible-tmp-1570711895.5766037-225462059503500/ /var/tmp/ansible-tmp-1570711895.5766037-225462059503500/AnsiballZ_command.py && sleep 0'"]
<_srv_www_www.epfl.ch_htdocs_about> EXEC ['/usr/local/bin/oc', '-n', 'wwp-int', 'exec', '-i', 'mgmt-2-4fxql', '--', '/bin/sh', '-c', "/bin/sh -c 'chmod u+x /var/tmp/ansible-tmp-1570711895.5766037-225462059503500/ /var/tmp/ansible-tmp-1570711895.5766037-225462059503500/AnsiballZ_command.py && sleep 0'"]
<_srv_www_www.epfl.ch_htdocs_about> EXEC ['/usr/local/bin/oc', '-n', 'wwp-int', 'exec', '-i', 'mgmt-2-4fxql', '--', '/bin/sh', '-c', "/bin/sh -c 'chown www-data /var/tmp/ansible-tmp-1570711895.5766037-225462059503500/ /var/tmp/ansible-tmp-1570711895.5766037-225462059503500/AnsiballZ_command.py && sleep 0'"]
<_srv_www_www.epfl.ch_htdocs_about> EXEC ['/usr/local/bin/oc', '-n', 'wwp-int', 'exec', '-i', 'mgmt-2-4fxql', '--', '/bin/sh', '-c', '/bin/sh -c \'su  www-data -c \'"\'"\'/bin/sh -c \'"\'"\'"\'"\'"\'"\'"\'"\'echo BECOME-SUCCESS-icmaoddrmildzxjrkbxyggindinjehcu ; python3 /var/tmp/ansible-tmp-1570711895.5766037-225462059503500/AnsiballZ_command.py\'"\'"\'"\'"\'"\'"\'"\'"\'\'"\'"\' && sleep 0\'']
<_srv_www_www.epfl.ch_htdocs_about> EXEC ['/usr/local/bin/oc', '-n', 'wwp-int', 'exec', '-i', 'mgmt-2-4fxql', '--', '/bin/sh', '-c', "/bin/sh -c 'rm -f -r /var/tmp/ansible-tmp-1570711895.5766037-225462059503500/ > /dev/null 2>&1 && sleep 0'"]
ok: [_srv_www_www.epfl.ch_htdocs_about] => {
    "changed": false,
    "cmd": "tar -xvf /backups/_srv_www_www.epfl.ch_htdocs_about/20191003053714_full.tar.gz --wildcards --to-stdout srv/www/www.epfl.ch/htdocs/about/.htaccess > .htaccess\n",
    "invocation": {
        "module_args": {
            "_raw_params": "tar -xvf /backups/_srv_www_www.epfl.ch_htdocs_about/20191003053714_full.tar.gz --wildcards --to-stdout srv/www/www.epfl.ch/htdocs/about/.htaccess > .htaccess\n",
            "_uses_shell": true,
            "argv": null,
            "chdir": "/srv/www/www-wwp-int.128.178.222.83.nip.io/htdocs/about",
            "creates": "/srv/www/www-wwp-int.128.178.222.83.nip.io/htdocs/about/.htaccess",
            "executable": null,
            "removes": null,
            "stdin": null,
            "stdin_add_newline": true,
            "strip_empty_ends": true,
            "warn": true
        }
    },
    "rc": 0,
    "stdout": "skipped, since /srv/www/www-wwp-int.128.178.222.83.nip.io/htdocs/about/.htaccess exists",
    "stdout_lines": [
        "skipped, since /srv/www/www-wwp-int.128.178.222.83.nip.io/htdocs/about/.htaccess exists"
    ]
}

TASK [../roles/wordpress-instance : rename wordpress site] *********************************************************************************************************************************************************************
task path: /home/ubuntu/wp-ops/ansible/roles/wordpress-instance/tasks/restore-from-prod.yml:102
<_srv_www_www.epfl.ch_htdocs_about> ESTABLISH oc CONNECTION
<_srv_www_www.epfl.ch_htdocs_about> EXEC ['/usr/local/bin/oc', '-n', 'wwp-int', 'exec', '-i', 'mgmt-2-4fxql', '--', '/bin/sh', '-c', "/bin/sh -c 'echo ~ && sleep 0'"]
<_srv_www_www.epfl.ch_htdocs_about> EXEC ['/usr/local/bin/oc', '-n', 'wwp-int', 'exec', '-i', 'mgmt-2-4fxql', '--', '/bin/sh', '-c', '/bin/sh -c \'( umask 77 && mkdir -p "` echo /var/tmp/ansible-tmp-1570711900.288675-512708391969 `" && echo ansible-tmp-1570711900.288675-512708391969="` echo /var/tmp/ansible-tmp-1570711900.288675-512708391969 `" ) && sleep 0\'']
Using module file /usr/local/lib/python3.6/dist-packages/ansible/modules/commands/command.py
<_srv_www_www.epfl.ch_htdocs_about> PUT /home/ubuntu/.ansible/tmp/ansible-local-8587fpbmczw5/tmpsaps51tj TO /var/tmp/ansible-tmp-1570711900.288675-512708391969/AnsiballZ_command.py
<_srv_www_www.epfl.ch_htdocs_about> EXEC ['/usr/local/bin/oc', '-n', 'wwp-int', 'exec', '-i', 'mgmt-2-4fxql', '--', '/bin/sh', '-c', "/bin/sh -c 'setfacl -m u:www-data:r-x /var/tmp/ansible-tmp-1570711900.288675-512708391969/ /var/tmp/ansible-tmp-1570711900.288675-512708391969/AnsiballZ_command.py && sleep 0'"]
<_srv_www_www.epfl.ch_htdocs_about> EXEC ['/usr/local/bin/oc', '-n', 'wwp-int', 'exec', '-i', 'mgmt-2-4fxql', '--', '/bin/sh', '-c', "/bin/sh -c 'chmod u+x /var/tmp/ansible-tmp-1570711900.288675-512708391969/ /var/tmp/ansible-tmp-1570711900.288675-512708391969/AnsiballZ_command.py && sleep 0'"]
<_srv_www_www.epfl.ch_htdocs_about> EXEC ['/usr/local/bin/oc', '-n', 'wwp-int', 'exec', '-i', 'mgmt-2-4fxql', '--', '/bin/sh', '-c', "/bin/sh -c 'chown www-data /var/tmp/ansible-tmp-1570711900.288675-512708391969/ /var/tmp/ansible-tmp-1570711900.288675-512708391969/AnsiballZ_command.py && sleep 0'"]
<_srv_www_www.epfl.ch_htdocs_about> EXEC ['/usr/local/bin/oc', '-n', 'wwp-int', 'exec', '-i', 'mgmt-2-4fxql', '--', '/bin/sh', '-c', '/bin/sh -c \'su  www-data -c \'"\'"\'/bin/sh -c \'"\'"\'"\'"\'"\'"\'"\'"\'echo BECOME-SUCCESS-vnkjazpjewfmwcsnopwjgxpfvalxcwlh ; python3 /var/tmp/ansible-tmp-1570711900.288675-512708391969/AnsiballZ_command.py\'"\'"\'"\'"\'"\'"\'"\'"\'\'"\'"\' && sleep 0\'']
<_srv_www_www.epfl.ch_htdocs_about> EXEC ['/usr/local/bin/oc', '-n', 'wwp-int', 'exec', '-i', 'mgmt-2-4fxql', '--', '/bin/sh', '-c', "/bin/sh -c 'rm -f -r /var/tmp/ansible-tmp-1570711900.288675-512708391969/ > /dev/null 2>&1 && sleep 0'"]
changed: [_srv_www_www.epfl.ch_htdocs_about] => {
    "changed": true,
    "cmd": "for opt in home siteurl; do wp --path=/srv/www/www-wwp-int.128.178.222.83.nip.io/htdocs/about option set $opt https://www-wwp-int.128.178.222.83.nip.io/about; done;\nwp --path=/srv/www/www-wwp-int.128.178.222.83.nip.io/htdocs/about search-replace www.epfl.ch www-wwp-int.128.178.222.83.nip.io\nwp --path=/srv/www/www-wwp-int.128.178.222.83.nip.io/htdocs/about transient delete --all\n",
    "delta": "0:00:02.457066",
    "end": "2019-10-10 12:51:46.570392",
    "invocation": {
        "module_args": {
            "_raw_params": "for opt in home siteurl; do wp --path=/srv/www/www-wwp-int.128.178.222.83.nip.io/htdocs/about option set $opt https://www-wwp-int.128.178.222.83.nip.io/about; done;\nwp --path=/srv/www/www-wwp-int.128.178.222.83.nip.io/htdocs/about search-replace www.epfl.ch www-wwp-int.128.178.222.83.nip.io\nwp --path=/srv/www/www-wwp-int.128.178.222.83.nip.io/htdocs/about transient delete --all\n",
            "_uses_shell": true,
            "argv": null,
            "chdir": null,
            "creates": null,
            "executable": null,
            "removes": null,
            "stdin": null,
            "stdin_add_newline": true,
            "strip_empty_ends": true,
            "warn": true
        }
    },
    "rc": 0,
    "start": "2019-10-10 12:51:44.113326",
    "stderr": "",
    "stderr_lines": [],
    "stdout": "Success: Value passed for 'home' option is unchanged.\nSuccess: Value passed for 'siteurl' option is unchanged.\nTable\tColumn\tReplacements\tType\nwp_commentmeta\tmeta_key\t0\tSQL\nwp_commentmeta\tmeta_value\t0\tSQL\nwp_comments\tcomment_author\t0\tSQL\nwp_comments\tcomment_author_email\t0\tSQL\nwp_comments\tcomment_author_url\t0\tSQL\nwp_comments\tcomment_author_IP\t0\tSQL\nwp_comments\tcomment_content\t0\tSQL\nwp_comments\tcomment_approved\t0\tSQL\nwp_comments\tcomment_agent\t0\tSQL\nwp_comments\tcomment_type\t0\tSQL\nwp_links\tlink_url\t0\tSQL\nwp_links\tlink_name\t0\tSQL\nwp_links\tlink_image\t0\tSQL\nwp_links\tlink_target\t0\tSQL\nwp_links\tlink_description\t0\tSQL\nwp_links\tlink_visible\t0\tSQL\nwp_links\tlink_rel\t0\tSQL\nwp_links\tlink_notes\t0\tSQL\nwp_links\tlink_rss\t0\tSQL\nwp_options\toption_name\t0\tSQL\nwp_options\toption_value\t0\tPHP\nwp_options\tautoload\t0\tSQL\nwp_postmeta\tmeta_key\t0\tSQL\nwp_postmeta\tmeta_value\t0\tPHP\nwp_posts\tpost_content\t0\tSQL\nwp_posts\tpost_title\t0\tSQL\nwp_posts\tpost_excerpt\t0\tSQL\nwp_posts\tpost_status\t0\tSQL\nwp_posts\tcomment_status\t0\tSQL\nwp_posts\tping_status\t0\tSQL\nwp_posts\tpost_password\t0\tSQL\nwp_posts\tpost_name\t0\tSQL\nwp_posts\tto_ping\t0\tSQL\nwp_posts\tpinged\t0\tSQL\nwp_posts\tpost_content_filtered\t0\tSQL\nwp_posts\tguid\t0\tSQL\nwp_posts\tpost_type\t0\tSQL\nwp_posts\tpost_mime_type\t0\tSQL\nwp_term_taxonomy\ttaxonomy\t0\tSQL\nwp_term_taxonomy\tdescription\t0\tPHP\nwp_termmeta\tmeta_key\t0\tSQL\nwp_termmeta\tmeta_value\t0\tSQL\nwp_terms\tname\t0\tSQL\nwp_terms\tslug\t0\tSQL\nwp_usermeta\tmeta_key\t0\tSQL\nwp_usermeta\tmeta_value\t0\tPHP\nwp_users\tuser_login\t0\tSQL\nwp_users\tuser_nicename\t0\tSQL\nwp_users\tuser_email\t0\tSQL\nwp_users\tuser_url\t0\tSQL\nwp_users\tuser_activation_key\t0\tSQL\nwp_users\tdisplay_name\t0\tSQL\nSuccess: Made 0 replacements.\nSuccess: 2 transients deleted from the database.",
    "stdout_lines": [
        "Success: Value passed for 'home' option is unchanged.",
        "Success: Value passed for 'siteurl' option is unchanged.",
        "Table\tColumn\tReplacements\tType",
        "wp_commentmeta\tmeta_key\t0\tSQL",
        "wp_commentmeta\tmeta_value\t0\tSQL",
        "wp_comments\tcomment_author\t0\tSQL",
        "wp_comments\tcomment_author_email\t0\tSQL",
        "wp_comments\tcomment_author_url\t0\tSQL",
        "wp_comments\tcomment_author_IP\t0\tSQL",
        "wp_comments\tcomment_content\t0\tSQL",
        "wp_comments\tcomment_approved\t0\tSQL",
        "wp_comments\tcomment_agent\t0\tSQL",
        "wp_comments\tcomment_type\t0\tSQL",
        "wp_links\tlink_url\t0\tSQL",
        "wp_links\tlink_name\t0\tSQL",
        "wp_links\tlink_image\t0\tSQL",
        "wp_links\tlink_target\t0\tSQL",
        "wp_links\tlink_description\t0\tSQL",
        "wp_links\tlink_visible\t0\tSQL",
        "wp_links\tlink_rel\t0\tSQL",
        "wp_links\tlink_notes\t0\tSQL",
        "wp_links\tlink_rss\t0\tSQL",
        "wp_options\toption_name\t0\tSQL",
        "wp_options\toption_value\t0\tPHP",
        "wp_options\tautoload\t0\tSQL",
        "wp_postmeta\tmeta_key\t0\tSQL",
        "wp_postmeta\tmeta_value\t0\tPHP",
        "wp_posts\tpost_content\t0\tSQL",
        "wp_posts\tpost_title\t0\tSQL",
        "wp_posts\tpost_excerpt\t0\tSQL",
        "wp_posts\tpost_status\t0\tSQL",
        "wp_posts\tcomment_status\t0\tSQL",
        "wp_posts\tping_status\t0\tSQL",
        "wp_posts\tpost_password\t0\tSQL",
        "wp_posts\tpost_name\t0\tSQL",
        "wp_posts\tto_ping\t0\tSQL",
        "wp_posts\tpinged\t0\tSQL",
        "wp_posts\tpost_content_filtered\t0\tSQL",
        "wp_posts\tguid\t0\tSQL",
        "wp_posts\tpost_type\t0\tSQL",
        "wp_posts\tpost_mime_type\t0\tSQL",
        "wp_term_taxonomy\ttaxonomy\t0\tSQL",
        "wp_term_taxonomy\tdescription\t0\tPHP",
        "wp_termmeta\tmeta_key\t0\tSQL",
        "wp_termmeta\tmeta_value\t0\tSQL",
        "wp_terms\tname\t0\tSQL",
        "wp_terms\tslug\t0\tSQL",
        "wp_usermeta\tmeta_key\t0\tSQL",
        "wp_usermeta\tmeta_value\t0\tPHP",
        "wp_users\tuser_login\t0\tSQL",
        "wp_users\tuser_nicename\t0\tSQL",
        "wp_users\tuser_email\t0\tSQL",
        "wp_users\tuser_url\t0\tSQL",
        "wp_users\tuser_activation_key\t0\tSQL",
        "wp_users\tdisplay_name\t0\tSQL",
        "Success: Made 0 replacements.",
        "Success: 2 transients deleted from the database."
    ]
}

TASK [../roles/wordpress-instance : reactivate plugins] ************************************************************************************************************************************************************************
task path: /home/ubuntu/wp-ops/ansible/roles/wordpress-instance/tasks/restore-from-prod.yml:111
<_srv_www_www.epfl.ch_htdocs_about> ESTABLISH oc CONNECTION
<_srv_www_www.epfl.ch_htdocs_about> EXEC ['/usr/local/bin/oc', '-n', 'wwp-int', 'exec', '-i', 'mgmt-2-4fxql', '--', '/bin/sh', '-c', "/bin/sh -c 'echo ~ && sleep 0'"]
<_srv_www_www.epfl.ch_htdocs_about> EXEC ['/usr/local/bin/oc', '-n', 'wwp-int', 'exec', '-i', 'mgmt-2-4fxql', '--', '/bin/sh', '-c', '/bin/sh -c \'( umask 77 && mkdir -p "` echo /var/tmp/ansible-tmp-1570711907.3144155-86559569523121 `" && echo ansible-tmp-1570711907.3144155-86559569523121="` echo /var/tmp/ansible-tmp-1570711907.3144155-86559569523121 `" ) && sleep 0\'']
Using module file /usr/local/lib/python3.6/dist-packages/ansible/modules/commands/command.py
<_srv_www_www.epfl.ch_htdocs_about> PUT /home/ubuntu/.ansible/tmp/ansible-local-8587fpbmczw5/tmp4n9bjq9g TO /var/tmp/ansible-tmp-1570711907.3144155-86559569523121/AnsiballZ_command.py
<_srv_www_www.epfl.ch_htdocs_about> EXEC ['/usr/local/bin/oc', '-n', 'wwp-int', 'exec', '-i', 'mgmt-2-4fxql', '--', '/bin/sh', '-c', "/bin/sh -c 'setfacl -m u:www-data:r-x /var/tmp/ansible-tmp-1570711907.3144155-86559569523121/ /var/tmp/ansible-tmp-1570711907.3144155-86559569523121/AnsiballZ_command.py && sleep 0'"]
<_srv_www_www.epfl.ch_htdocs_about> EXEC ['/usr/local/bin/oc', '-n', 'wwp-int', 'exec', '-i', 'mgmt-2-4fxql', '--', '/bin/sh', '-c', "/bin/sh -c 'chmod u+x /var/tmp/ansible-tmp-1570711907.3144155-86559569523121/ /var/tmp/ansible-tmp-1570711907.3144155-86559569523121/AnsiballZ_command.py && sleep 0'"]
<_srv_www_www.epfl.ch_htdocs_about> EXEC ['/usr/local/bin/oc', '-n', 'wwp-int', 'exec', '-i', 'mgmt-2-4fxql', '--', '/bin/sh', '-c', "/bin/sh -c 'chown www-data /var/tmp/ansible-tmp-1570711907.3144155-86559569523121/ /var/tmp/ansible-tmp-1570711907.3144155-86559569523121/AnsiballZ_command.py && sleep 0'"]
<_srv_www_www.epfl.ch_htdocs_about> EXEC ['/usr/local/bin/oc', '-n', 'wwp-int', 'exec', '-i', 'mgmt-2-4fxql', '--', '/bin/sh', '-c', '/bin/sh -c \'su  www-data -c \'"\'"\'/bin/sh -c \'"\'"\'"\'"\'"\'"\'"\'"\'echo BECOME-SUCCESS-kychkkrortycmbgldhxfdbwztgciearz ; python3 /var/tmp/ansible-tmp-1570711907.3144155-86559569523121/AnsiballZ_command.py\'"\'"\'"\'"\'"\'"\'"\'"\'\'"\'"\' && sleep 0\'']
<_srv_www_www.epfl.ch_htdocs_about> EXEC ['/usr/local/bin/oc', '-n', 'wwp-int', 'exec', '-i', 'mgmt-2-4fxql', '--', '/bin/sh', '-c', "/bin/sh -c 'rm -f -r /var/tmp/ansible-tmp-1570711907.3144155-86559569523121/ > /dev/null 2>&1 && sleep 0'"]
changed: [_srv_www_www.epfl.ch_htdocs_about] => {
    "changed": true,
    "cmd": "wp --path=/srv/www/www-wwp-int.128.178.222.83.nip.io/htdocs/about plugin deactivate epfl\nwp --path=/srv/www/www-wwp-int.128.178.222.83.nip.io/htdocs/about plugin deactivate polylang\nwp --path=/srv/www/www-wwp-int.128.178.222.83.nip.io/htdocs/about plugin activate polylang\nwp --path=/srv/www/www-wwp-int.128.178.222.83.nip.io/htdocs/about plugin activate epfl\n",
    "delta": "0:00:02.953260",
    "end": "2019-10-10 12:51:54.026350",
    "invocation": {
        "module_args": {
            "_raw_params": "wp --path=/srv/www/www-wwp-int.128.178.222.83.nip.io/htdocs/about plugin deactivate epfl\nwp --path=/srv/www/www-wwp-int.128.178.222.83.nip.io/htdocs/about plugin deactivate polylang\nwp --path=/srv/www/www-wwp-int.128.178.222.83.nip.io/htdocs/about plugin activate polylang\nwp --path=/srv/www/www-wwp-int.128.178.222.83.nip.io/htdocs/about plugin activate epfl\n",
            "_uses_shell": true,
            "argv": null,
            "chdir": null,
            "creates": null,
            "executable": null,
            "removes": null,
            "stdin": null,
            "stdin_add_newline": true,
            "strip_empty_ends": true,
            "warn": true
        }
    },
    "rc": 0,
    "start": "2019-10-10 12:51:51.073090",
    "stderr": "",
    "stderr_lines": [],
    "stdout": "Plugin 'epfl' deactivated.\nSuccess: Deactivated 1 of 1 plugins.\nPlugin 'polylang' deactivated.\nSuccess: Deactivated 1 of 1 plugins.\nPlugin 'polylang' activated.\nSuccess: Activated 1 of 1 plugins.\nPlugin 'epfl' activated.\nSuccess: Activated 1 of 1 plugins.",
    "stdout_lines": [
        "Plugin 'epfl' deactivated.",
        "Success: Deactivated 1 of 1 plugins.",
        "Plugin 'polylang' deactivated.",
        "Success: Deactivated 1 of 1 plugins.",
        "Plugin 'polylang' activated.",
        "Success: Activated 1 of 1 plugins.",
        "Plugin 'epfl' activated.",
        "Success: Activated 1 of 1 plugins."
    ]
}

TASK [../roles/wordpress-instance : include_vars] ******************************************************************************************************************************************************************************
task path: /home/ubuntu/wp-ops/ansible/roles/wordpress-instance/tasks/serving-infrastructure.yml:3
skipping: [_srv_www_www.epfl.ch_htdocs_about] => {
    "changed": false,
    "skip_reason": "Conditional result was False"
}

TASK [../roles/wordpress-instance : include_vars] ******************************************************************************************************************************************************************************
task path: /home/ubuntu/wp-ops/ansible/roles/wordpress-instance/tasks/serving-infrastructure.yml:4
skipping: [_srv_www_www.epfl.ch_htdocs_about] => {
    "changed": false,
    "skip_reason": "Conditional result was False"
}

TASK [../roles/wordpress-instance : include_vars] ******************************************************************************************************************************************************************************
task path: /home/ubuntu/wp-ops/ansible/roles/wordpress-instance/tasks/serving-infrastructure.yml:5
skipping: [_srv_www_www.epfl.ch_htdocs_about] => {
    "changed": false,
    "skip_reason": "Conditional result was False"
}

TASK [../roles/wordpress-instance : assert] ************************************************************************************************************************************************************************************
task path: /home/ubuntu/wp-ops/ansible/roles/wordpress-instance/tasks/serving-infrastructure.yml:7
skipping: [_srv_www_www.epfl.ch_htdocs_about] => {
    "changed": false,
    "skip_reason": "Conditional result was False"
}

TASK [../roles/wordpress-instance : Main symlink to /wp] *********************************************************************************************************************************************************************
task path: /home/ubuntu/wp-ops/ansible/roles/wordpress-instance/tasks/serving-infrastructure.yml:11
skipping: [_srv_www_www.epfl.ch_htdocs_about] => {
    "changed": false,
    "skip_reason": "Conditional result was False"
}

TASK [../roles/wordpress-instance : Invalidate serving pods' NFS cache entries for the main symlink] ***************************************************************************************************************************
task path: /home/ubuntu/wp-ops/ansible/roles/wordpress-instance/tasks/serving-infrastructure.yml:34
skipping: [_srv_www_www.epfl.ch_htdocs_about] => {
    "changed": false,
    "skip_reason": "Conditional result was False"
}

TASK [../roles/wordpress-instance : WP_CONTENT_DIR line in wp-config.php] ******************************************************************************************************************************************************
task path: /home/ubuntu/wp-ops/ansible/roles/wordpress-instance/tasks/serving-infrastructure.yml:55
skipping: [_srv_www_www.epfl.ch_htdocs_about] => {
    "changed": false,
    "skip_reason": "Conditional result was False"
}

TASK [../roles/wordpress-instance : Set up index.php] **************************************************************************************************************************************************************************
task path: /home/ubuntu/wp-ops/ansible/roles/wordpress-instance/tasks/serving-infrastructure.yml:64
skipping: [_srv_www_www.epfl.ch_htdocs_about] => {
    "changed": false,
    "skip_reason": "Conditional result was False"
}

TASK [../roles/wordpress-instance : Check that WordPress is working] ***********************************************************************************************************************************************************
task path: /home/ubuntu/wp-ops/ansible/roles/wordpress-instance/tasks/main.yml:71
<_srv_www_www.epfl.ch_htdocs_about> ESTABLISH oc CONNECTION
<_srv_www_www.epfl.ch_htdocs_about> EXEC ['/usr/local/bin/oc', '-n', 'wwp-int', 'exec', '-i', 'mgmt-2-4fxql', '--', '/bin/sh', '-c', "/bin/sh -c 'echo ~ && sleep 0'"]
<_srv_www_www.epfl.ch_htdocs_about> EXEC ['/usr/local/bin/oc', '-n', 'wwp-int', 'exec', '-i', 'mgmt-2-4fxql', '--', '/bin/sh', '-c', '/bin/sh -c \'( umask 77 && mkdir -p "` echo /var/tmp/ansible-tmp-1570711915.1079798-52874486744893 `" && echo ansible-tmp-1570711915.1079798-52874486744893="` echo /var/tmp/ansible-tmp-1570711915.1079798-52874486744893 `" ) && sleep 0\'']
Using module file /usr/local/lib/python3.6/dist-packages/ansible/modules/commands/command.py
<_srv_www_www.epfl.ch_htdocs_about> PUT /home/ubuntu/.ansible/tmp/ansible-local-8587fpbmczw5/tmp55frvfk2 TO /var/tmp/ansible-tmp-1570711915.1079798-52874486744893/AnsiballZ_command.py
<_srv_www_www.epfl.ch_htdocs_about> EXEC ['/usr/local/bin/oc', '-n', 'wwp-int', 'exec', '-i', 'mgmt-2-4fxql', '--', '/bin/sh', '-c', "/bin/sh -c 'setfacl -m u:www-data:r-x /var/tmp/ansible-tmp-1570711915.1079798-52874486744893/ /var/tmp/ansible-tmp-1570711915.1079798-52874486744893/AnsiballZ_command.py && sleep 0'"]
<_srv_www_www.epfl.ch_htdocs_about> EXEC ['/usr/local/bin/oc', '-n', 'wwp-int', 'exec', '-i', 'mgmt-2-4fxql', '--', '/bin/sh', '-c', "/bin/sh -c 'chmod u+x /var/tmp/ansible-tmp-1570711915.1079798-52874486744893/ /var/tmp/ansible-tmp-1570711915.1079798-52874486744893/AnsiballZ_command.py && sleep 0'"]
<_srv_www_www.epfl.ch_htdocs_about> EXEC ['/usr/local/bin/oc', '-n', 'wwp-int', 'exec', '-i', 'mgmt-2-4fxql', '--', '/bin/sh', '-c', "/bin/sh -c 'chown www-data /var/tmp/ansible-tmp-1570711915.1079798-52874486744893/ /var/tmp/ansible-tmp-1570711915.1079798-52874486744893/AnsiballZ_command.py && sleep 0'"]
<_srv_www_www.epfl.ch_htdocs_about> EXEC ['/usr/local/bin/oc', '-n', 'wwp-int', 'exec', '-i', 'mgmt-2-4fxql', '--', '/bin/sh', '-c', '/bin/sh -c \'su  www-data -c \'"\'"\'/bin/sh -c \'"\'"\'"\'"\'"\'"\'"\'"\'echo BECOME-SUCCESS-jwaymzgkpellogstotjxiubrjgoetwpx ; python3 /var/tmp/ansible-tmp-1570711915.1079798-52874486744893/AnsiballZ_command.py\'"\'"\'"\'"\'"\'"\'"\'"\'\'"\'"\' && sleep 0\'']
<_srv_www_www.epfl.ch_htdocs_about> EXEC ['/usr/local/bin/oc', '-n', 'wwp-int', 'exec', '-i', 'mgmt-2-4fxql', '--', '/bin/sh', '-c', "/bin/sh -c 'rm -f -r /var/tmp/ansible-tmp-1570711915.1079798-52874486744893/ > /dev/null 2>&1 && sleep 0'"]
ok: [_srv_www_www.epfl.ch_htdocs_about] => {
    "changed": false,
    "cmd": [
        "wp",
        "--path=/srv/www/www-wwp-int.128.178.222.83.nip.io/htdocs/about",
        "eval",
        "1;"
    ],
    "delta": "0:00:00.861167",
    "end": "2019-10-10 12:51:59.747416",
    "invocation": {
        "module_args": {
            "_raw_params": "wp --path=/srv/www/www-wwp-int.128.178.222.83.nip.io/htdocs/about eval '1;'",
            "_uses_shell": false,
            "argv": null,
            "chdir": null,
            "creates": null,
            "executable": null,
            "removes": null,
            "stdin": null,
            "stdin_add_newline": true,
            "strip_empty_ends": true,
            "warn": true
        }
    },
    "rc": 0,
    "start": "2019-10-10 12:51:58.886249",
    "stderr": "",
    "stderr_lines": [],
    "stdout": "",
    "stdout_lines": []
}

TASK [../roles/wordpress-instance : Configure] *********************************************************************************************************************************************************************************
task path: /home/ubuntu/wp-ops/ansible/roles/wordpress-instance/tasks/main.yml:92
skipping: [_srv_www_www.epfl.ch_htdocs_about] => {
    "changed": false,
    "skip_reason": "Conditional result was False"
}

TASK [../roles/wordpress-instance : Set up plugins] ****************************************************************************************************************************************************************************
task path: /home/ubuntu/wp-ops/ansible/roles/wordpress-instance/tasks/main.yml:104
skipping: [_srv_www_www.epfl.ch_htdocs_about] => {
    "changed": false,
    "skip_reason": "Conditional result was False"
}

TASK [../roles/wordpress-instance : Set up themes] *****************************************************************************************************************************************************************************
task path: /home/ubuntu/wp-ops/ansible/roles/wordpress-instance/tasks/main.yml:113
skipping: [_srv_www_www.epfl.ch_htdocs_about] => {
    "changed": false,
    "skip_reason": "Conditional result was False"
}
META: ran handlers
META: ran handlers
 [WARNING]: Could not match supplied host pattern, ignoring: awx-poc-vpsi

PLAY [Ansible Tower (AWX) configuration] ***************************************************************************************************************************************************************************************
skipping: no hosts matched

PLAY RECAP *********************************************************************************************************************************************************************************************************************
_srv_www_www.epfl.ch_htdocs_about : ok=16   changed=2    unreachable=0    failed=0    skipped=18   rescued=0    ignored=0   

